\BOOKMARK [0][-]{chapter.1}{Notazione asintotica}{}% 1
\BOOKMARK [1][-]{section.1.1}{Notazione \040Limite asintoticamente stretto}{chapter.1}% 2
\BOOKMARK [1][-]{section.1.2}{Notazione O-grande Limite asintotico superiore}{chapter.1}% 3
\BOOKMARK [1][-]{section.1.3}{Notazione \040Limite asintotico inferiore}{chapter.1}% 4
\BOOKMARK [1][-]{section.1.4}{Notazione o-piccolo Limite asintotico superiore non stretto}{chapter.1}% 5
\BOOKMARK [0][-]{chapter.2}{Relazioni di ricorrenza}{}% 6
\BOOKMARK [1][-]{section.2.1}{Il metodo dell\220esperto}{chapter.2}% 7
\BOOKMARK [2][-]{subsection.2.1.1}{Relazioni lineari a partizione costante}{section.2.1}% 8
\BOOKMARK [2][-]{subsection.2.1.2}{Relazioni lineari a partizione bilanciata}{section.2.1}% 9
\BOOKMARK [1][-]{section.2.2}{Svolgimento delle ricorrenze}{chapter.2}% 10
\BOOKMARK [2][-]{subsection.2.2.1}{Usare le sommatorie}{section.2.2}% 11
\BOOKMARK [0][-]{chapter.3}{Algoritmi di Ordinamento}{}% 12
\BOOKMARK [1][-]{section.3.1}{Insertion Sort}{chapter.3}% 13
\BOOKMARK [1][-]{section.3.2}{Selection Sort}{chapter.3}% 14
\BOOKMARK [1][-]{section.3.3}{Quick Sort}{chapter.3}% 15
\BOOKMARK [1][-]{section.3.4}{Merge Sort}{chapter.3}% 16
\BOOKMARK [1][-]{section.3.5}{Counting Sort}{chapter.3}% 17
\BOOKMARK [0][-]{chapter.4}{Strutture Dati}{}% 18
\BOOKMARK [1][-]{section.4.1}{Array statici}{chapter.4}% 19
\BOOKMARK [1][-]{section.4.2}{Array dinamici}{chapter.4}% 20
\BOOKMARK [1][-]{section.4.3}{Liste}{chapter.4}% 21
\BOOKMARK [1][-]{section.4.4}{Hashing Table}{chapter.4}% 22
\BOOKMARK [0][-]{chapter.5}{Code di priorit\340}{}% 23
\BOOKMARK [0][-]{chapter.6}{Alberi}{}% 24
\BOOKMARK [1][-]{section.6.1}{Alberi radicati}{chapter.6}% 25
\BOOKMARK [1][-]{section.6.2}{Alberi binari di ricerca}{chapter.6}% 26
\BOOKMARK [1][-]{section.6.3}{Alberi Rosso-Neri}{chapter.6}% 27
\BOOKMARK [0][-]{chapter.7}{Union-Find}{}% 28
\BOOKMARK [1][-]{section.7.1}{Caratteristiche di una struttura Union-Find}{chapter.7}% 29
\BOOKMARK [1][-]{section.7.2}{Implementazione della Union-Find mediante foresta di alberi radicati}{chapter.7}% 30
\BOOKMARK [2][-]{subsection.7.2.1}{Euristiche per migliorare il tempo di esecuzione}{section.7.2}% 31
\BOOKMARK [2][-]{subsection.7.2.2}{Algoritmi}{section.7.2}% 32
\BOOKMARK [1][-]{section.7.3}{Rappresentare grafi con le Union-Find}{chapter.7}% 33
\BOOKMARK [0][-]{chapter.8}{Grafi}{}% 34
\BOOKMARK [1][-]{section.8.1}{Definizioni}{chapter.8}% 35
\BOOKMARK [1][-]{section.8.2}{Rappresentazione mediante liste di adiacenza}{chapter.8}% 36
\BOOKMARK [1][-]{section.8.3}{Rappresentazione mediante matrice di adiacenza}{chapter.8}% 37
\BOOKMARK [1][-]{section.8.4}{Visita BFS \(Breadth-First Search\)}{chapter.8}% 38
\BOOKMARK [1][-]{section.8.5}{Visita DFS \(Depth-First Search\)}{chapter.8}% 39
\BOOKMARK [2][-]{subsection.8.5.1}{L'idea}{section.8.5}% 40
\BOOKMARK [2][-]{subsection.8.5.2}{Il sottografo dei predecessori}{section.8.5}% 41
\BOOKMARK [2][-]{subsection.8.5.3}{Colorazione dei vertici}{section.8.5}% 42
\BOOKMARK [2][-]{subsection.8.5.4}{Temporizzazione della DFS}{section.8.5}% 43
\BOOKMARK [2][-]{subsection.8.5.5}{Teorema del cammino bianco}{section.8.5}% 44
\BOOKMARK [2][-]{subsection.8.5.6}{Classificazione degli archi}{section.8.5}% 45
\BOOKMARK [2][-]{subsection.8.5.7}{L'algoritmo}{section.8.5}% 46
\BOOKMARK [1][-]{section.8.6}{Ordinamento topologico}{chapter.8}% 47
\BOOKMARK [1][-]{section.8.7}{Componenti fortemente connesse}{chapter.8}% 48
\BOOKMARK [1][-]{section.8.8}{Alberi di connessione minimi}{chapter.8}% 49
\BOOKMARK [2][-]{subsection.8.8.1}{Metodo generico}{section.8.8}% 50
\BOOKMARK [2][-]{subsection.8.8.2}{Algoritmo di Kruskal}{section.8.8}% 51
\BOOKMARK [2][-]{subsection.8.8.3}{Algoritmo di Prim}{section.8.8}% 52
\BOOKMARK [1][-]{section.8.9}{Cammini minimi}{chapter.8}% 53
\BOOKMARK [2][-]{subsection.8.9.1}{Definizioni e propriet\340}{section.8.9}% 54
\BOOKMARK [2][-]{subsection.8.9.2}{Rappresentazione dei cammini minimi}{section.8.9}% 55
\BOOKMARK [2][-]{subsection.8.9.3}{Rilassamento di un arco}{section.8.9}% 56
\BOOKMARK [2][-]{subsection.8.9.4}{Condizione di Bellman}{section.8.9}% 57
\BOOKMARK [2][-]{subsection.8.9.5}{Algoritmo di Dijkstra}{section.8.9}% 58
